This file contains any messages produced by compilers while
running configure, to aid debugging if configure makes a mistake.

It was created by OneM2M configure 0.01, which was
generated by GNU Autoconf 2.69.  Invocation command line was

  $ /cygdrive/C/Workspace/Github/OneM2M/configure 

## --------- ##
## Platform. ##
## --------- ##

hostname = RAYXU
uname -m = i686
uname -r = 2.1.0(0.287/5/3)
uname -s = CYGWIN_NT-6.3-WOW
uname -v = 2015-07-14 21:26

/usr/bin/uname -p = unknown
/bin/uname -X     = unknown

/bin/arch              = i686
/usr/bin/arch -k       = unknown
/usr/convex/getsysinfo = unknown
/usr/bin/hostinfo      = unknown
/bin/machine           = unknown
/usr/bin/oslevel       = unknown
/bin/universe          = unknown

PATH: /usr/bin
PATH: /usr/local/bin
PATH: /cygdrive/c/Python34
PATH: /cygdrive/c/Python34/Scripts
PATH: /cygdrive/c/Windows/system32
PATH: /cygdrive/c/Windows
PATH: /cygdrive/c/Windows/System32/Wbem
PATH: /cygdrive/c/Windows/System32/WindowsPowerShell/v1.0


## ----------- ##
## Core tests. ##
## ----------- ##

configure:1749: checking for a BSD-compatible install
configure:1817: result: /usr/bin/install -c
configure:1828: checking whether build environment is sane
configure:1883: result: yes
configure:2034: checking for a thread-safe mkdir -p
configure:2073: result: /usr/bin/mkdir -p
configure:2080: checking for gawk
configure:2096: found /usr/bin/gawk
configure:2107: result: gawk
configure:2118: checking whether make sets $(MAKE)
configure:2140: result: yes
configure:2169: checking whether make supports nested variables
configure:2186: result: yes
configure:2458: checking that generated files are newer than configure
configure:2464: result: done
configure:2472: creating ./config.status

## ---------------------- ##
## Running config.status. ##
## ---------------------- ##

This file was extended by OneM2M config.status 0.01, which was
generated by GNU Autoconf 2.69.  Invocation command line was

  CONFIG_FILES    = 
  CONFIG_HEADERS  = 
  CONFIG_LINKS    = 
  CONFIG_COMMANDS = 
  $ ./config.status 

on RAYXU

config.status:728: error: cannot find input file: `Makefile.in'

## ---------------- ##
## Cache variables. ##
## ---------------- ##

ac_cv_env_build_alias_set=
ac_cv_env_build_alias_value=
ac_cv_env_host_alias_set=
ac_cv_env_host_alias_value=
ac_cv_env_target_alias_set=
ac_cv_env_target_alias_value=
ac_cv_path_install='/usr/bin/install -c'
ac_cv_path_mkdir=/usr/bin/mkdir
ac_cv_prog_AWK=gawk
ac_cv_prog_make_make_set=yes
am_cv_make_support_nested_variables=yes

## ----------------- ##
## Output variables. ##
## ----------------- ##

ACLOCAL='${SHELL} /cygdrive/C/Workspace/Github/OneM2M/missing aclocal-1.14'
AMTAR='$${TAR-tar}'
AM_BACKSLASH='\'
AM_DEFAULT_V='$(AM_DEFAULT_VERBOSITY)'
AM_DEFAULT_VERBOSITY='1'
AM_V='$(V)'
AUTOCONF='${SHELL} /cygdrive/C/Workspace/Github/OneM2M/missing autoconf'
AUTOHEADER='${SHELL} /cygdrive/C/Workspace/Github/OneM2M/missing autoheader'
AUTOMAKE='${SHELL} /cygdrive/C/Workspace/Github/OneM2M/missing automake-1.14'
AWK='gawk'
CYGPATH_W='cygpath -w'
DEFS='-DPACKAGE_NAME=\"OneM2M\" -DPACKAGE_TARNAME=\"onem2m\" -DPACKAGE_VERSION=\"0.01\" -DPACKAGE_STRING=\"OneM2M\ 0.01\" -DPACKAGE_BUGREPORT=\"\" -DPACKAGE_URL=\"\" -DPACKAGE=\"onem2m\" -DVERSION=\"0.01\"'
ECHO_C=''
ECHO_N='-n'
ECHO_T=''
INSTALL_DATA='${INSTALL} -m 644'
INSTALL_PROGRAM='${INSTALL}'
INSTALL_SCRIPT='${INSTALL}'
INSTALL_STRIP_PROGRAM='$(install_sh) -c -s'
LIBOBJS=''
LIBS=''
LTLIBOBJS=''
MAKEINFO='${SHELL} /cygdrive/C/Workspace/Github/OneM2M/missing makeinfo'
MKDIR_P='/usr/bin/mkdir -p'
PACKAGE='onem2m'
PACKAGE_BUGREPORT=''
PACKAGE_NAME='OneM2M'
PACKAGE_STRING='OneM2M 0.01'
PACKAGE_TARNAME='onem2m'
PACKAGE_URL=''
PACKAGE_VERSION='0.01'
PATH_SEPARATOR=':'
SET_MAKE=''
SHELL='/bin/sh'
STRIP=''
VERSION='0.01'
am__isrc=' -I$(srcdir)'
am__leading_dot='.'
am__tar='$${TAR-tar} chof - "$$tardir"'
am__untar='$${TAR-tar} xf -'
bindir='${exec_prefix}/bin'
build_alias=''
datadir='${datarootdir}'
datarootdir='${prefix}/share'
docdir='${datarootdir}/doc/${PACKAGE_TARNAME}'
dvidir='${docdir}'
exec_prefix='${prefix}'
host_alias=''
htmldir='${docdir}'
includedir='${prefix}/include'
infodir='${datarootdir}/info'
install_sh='${SHELL} /cygdrive/C/Workspace/Github/OneM2M/install-sh'
libdir='${exec_prefix}/lib'
libexecdir='${exec_prefix}/libexec'
localedir='${datarootdir}/locale'
localstatedir='${prefix}/var'
mandir='${datarootdir}/man'
mkdir_p='$(MKDIR_P)'
oldincludedir='/usr/include'
pdfdir='${docdir}'
prefix='/usr/local'
program_transform_name='s,x,x,'
psdir='${docdir}'
sbindir='${exec_prefix}/sbin'
sharedstatedir='${prefix}/com'
sysconfdir='${prefix}/etc'
target_alias=''

## ----------- ##
## confdefs.h. ##
## ----------- ##

/* confdefs.h */
#define PACKAGE_NAME "OneM2M"
#define PACKAGE_TARNAME "onem2m"
#define PACKAGE_VERSION "0.01"
#define PACKAGE_STRING "OneM2M 0.01"
#define PACKAGE_BUGREPORT ""
#define PACKAGE_URL ""
#define PACKAGE "onem2m"
#define VERSION "0.01"

configure: exit 1
